2018/05/22 10:48:04.633 [D] [init.go:49] init logs success
2018/05/22 10:48:04.650 [I] [asm_amd64.s:2337] http server Running on http://:8090
2020/07/01 16:10:55.015 [D] [init.go:49]  init logs success
2020/07/01 16:10:55.520 [I] [asm_amd64.s:1373]  http server Running on http://:8090
2020/07/01 16:15:23.026 [D] [init.go:63]  init logs success
2020/07/01 16:15:23.331 [D] [asm_amd64.s:1373]  WriteAccessRedisNode is running
2020/07/01 16:15:23.331 [D] [asm_amd64.s:1373]  ReadDisposeRedisNode is running
2020/07/01 16:15:23.331 [D] [asm_amd64.s:1373]  ReadDisposeRedisNode is running
2020/07/01 16:15:23.332 [D] [asm_amd64.s:1373]  ReadDisposeRedisNode is running
2020/07/01 16:15:23.332 [D] [asm_amd64.s:1373]  ReadDisposeRedisNode is running
2020/07/01 16:15:23.332 [D] [asm_amd64.s:1373]  ReadDisposeRedisNode is running
2020/07/01 16:15:23.332 [D] [asm_amd64.s:1373]  ReadDisposeRedisNode is running
2020/07/01 16:15:23.332 [D] [asm_amd64.s:1373]  ReadDisposeRedisNode is running
2020/07/01 16:15:23.332 [D] [asm_amd64.s:1373]  ReadDisposeRedisNode is running
2020/07/01 16:15:23.332 [D] [asm_amd64.s:1373]  ReadDisposeRedisNode is running
2020/07/01 16:15:23.332 [D] [asm_amd64.s:1373]  ReadDisposeRedisNode is running
2020/07/01 16:15:23.332 [D] [asm_amd64.s:1373]  ReadDisposeRedisNode is running
2020/07/01 16:15:23.332 [D] [asm_amd64.s:1373]  ReadDisposeRedisNode is running
2020/07/01 16:15:23.332 [D] [asm_amd64.s:1373]  ReadDisposeRedisNode is running
2020/07/01 16:15:23.332 [D] [asm_amd64.s:1373]  ReadDisposeRedisNode is running
2020/07/01 16:15:23.332 [D] [asm_amd64.s:1373]  WriteAccessRedisNode is running
2020/07/01 16:15:23.332 [D] [asm_amd64.s:1373]  ReadDisposeRedisNode is running
2020/07/01 16:15:23.332 [D] [asm_amd64.s:1373]  ReadDisposeRedisNode is running
2020/07/01 16:15:23.332 [D] [asm_amd64.s:1373]  WriteAccessRedisNode is running
2020/07/01 16:15:23.332 [D] [asm_amd64.s:1373]  WriteAccessRedisNode is running
2020/07/01 16:15:23.332 [D] [asm_amd64.s:1373]  WriteAccessRedisNode is running
2020/07/01 16:15:23.332 [D] [asm_amd64.s:1373]  WriteAccessRedisNode is running
2020/07/01 16:15:23.332 [D] [asm_amd64.s:1373]  WriteAccessRedisNode is running
2020/07/01 16:15:23.332 [D] [asm_amd64.s:1373]  WriteAccessRedisNode is running
2020/07/01 16:15:23.332 [D] [asm_amd64.s:1373]  WriteAccessRedisNode is running
2020/07/01 16:15:23.332 [D] [asm_amd64.s:1373]  WriteAccessRedisNode is running
2020/07/01 16:15:23.332 [D] [asm_amd64.s:1373]  WriteAccessRedisNode is running
2020/07/01 16:15:23.332 [D] [asm_amd64.s:1373]  WriteAccessRedisNode is running
2020/07/01 16:15:23.332 [D] [asm_amd64.s:1373]  WriteAccessRedisNode is running
2020/07/01 16:15:23.332 [D] [asm_amd64.s:1373]  WriteAccessRedisNode is running
2020/07/01 16:15:23.332 [D] [asm_amd64.s:1373]  WriteAccessRedisNode is running
2020/07/01 16:15:23.332 [D] [asm_amd64.s:1373]  WriteAccessRedisNode is running
2020/07/01 16:15:23.437 [I] [asm_amd64.s:1373]  http server Running on http://:8080
2020/07/01 16:15:39.347 [D] [server.go:2807]  |            ::1|[42m 200 [0m|     1.0011ms|   match|[44m GET     [0m /     r:/
2020/07/01 16:15:39.509 [D] [server.go:2807]  |            ::1|[43m 404 [0m|      1.002ms| nomatch|[44m GET     [0m /favicon.ico
2020/07/01 16:15:41.431 [D] [server.go:2807]  |            ::1|[42m 200 [0m|      995.1µs|   match|[44m GET     [0m /seckill/user/login   r:/seckill/user/login
2020/07/01 16:15:41.452 [D] [server.go:2807]  |            ::1|[42m 200 [0m|     1.9939ms| nomatch|[44m GET     [0m /captcha/U7bkw7g9n2crEcy.png
2020/07/01 16:15:43.090 [D] [server.go:2807]  |            ::1|[42m 200 [0m|      997.5µs|   match|[44m GET     [0m /index/index   r:/index/index
2020/07/01 16:15:44.171 [D] [server.go:2807]  |            ::1|[42m 200 [0m|      996.6µs|   match|[44m GET     [0m /index/register   r:/index/register
2020/07/01 16:15:44.190 [D] [server.go:2807]  |            ::1|[42m 200 [0m|        998µs| nomatch|[44m GET     [0m /captcha/3WxPo5nA0tR1aa5.png
2020/07/01 16:16:16.370 [W] [user.go:136]  insert SecKillUser err : Error 1062: Duplicate entry '29fe7d4261683524a453faea8abe2295' for key 'user_pwd'
2020/07/01 16:16:16.380 [D] [server.go:2807]  |            ::1|[47m 302 [0m|    12.9642ms|   match|[46m POST    [0m /index/register   r:/index/register
2020/07/01 16:16:16.385 [D] [server.go:2807]  |            ::1|[42m 200 [0m|      995.4µs|   match|[44m GET     [0m /index/register   r:/index/register
2020/07/01 16:16:16.416 [D] [server.go:2807]  |            ::1|[42m 200 [0m|     1.9967ms| nomatch|[44m GET     [0m /captcha/pfVX31KVlisVQb8.png
2020/07/01 16:16:24.626 [D] [server.go:2807]  |            ::1|[42m 200 [0m|      997.3µs|   match|[44m GET     [0m /index/index   r:/index/index
2020/07/01 16:16:25.669 [D] [server.go:2807]  |            ::1|[42m 200 [0m|        997µs|   match|[44m GET     [0m /seckill/user/login   r:/seckill/user/login
2020/07/01 16:16:25.690 [D] [server.go:2807]  |            ::1|[42m 200 [0m|      997.1µs| nomatch|[44m GET     [0m /captcha/3pHQJ3rc1gcM8ip.png
2020/07/01 16:16:33.210 [D] [server.go:2807]  |            ::1|[42m 200 [0m|      1.986ms| nomatch|[44m GET     [0m /captcha/3pHQJ3rc1gcM8ip.png
2020/07/01 16:16:41.076 [D] [server.go:2807]  |            ::1|[47m 302 [0m|        998µs|   match|[46m POST    [0m /seckill/user/login   r:/seckill/user/login
2020/07/01 16:16:41.087 [D] [server.go:2807]  |            ::1|[42m 200 [0m|     5.9862ms|   match|[44m GET     [0m /seckill/user/login   r:/seckill/user/login
2020/07/01 16:16:41.132 [D] [server.go:2807]  |            ::1|[42m 200 [0m|     1.9897ms| nomatch|[44m GET     [0m /captcha/gXW893mfMduGUrE.png
2020/07/01 16:16:42.817 [D] [server.go:2807]  |            ::1|[47m 302 [0m|           0s|   match|[46m POST    [0m /seckill/user/login   r:/seckill/user/login
2020/07/01 16:16:42.823 [D] [server.go:2807]  |            ::1|[42m 200 [0m|      997.6µs|   match|[44m GET     [0m /seckill/user/login   r:/seckill/user/login
2020/07/01 16:16:42.854 [D] [server.go:2807]  |            ::1|[42m 200 [0m|     1.9959ms| nomatch|[44m GET     [0m /captcha/DwruP7h1QZVVBrT.png
2020/07/01 16:17:01.366 [D] [server.go:2807]  |            ::1|[47m 302 [0m|           0s|   match|[46m POST    [0m /seckill/user/login   r:/seckill/user/login
2020/07/01 16:17:01.373 [D] [server.go:2807]  |            ::1|[42m 200 [0m|      997.9µs|   match|[44m GET     [0m /seckill/user/login   r:/seckill/user/login
2020/07/01 16:17:01.425 [D] [server.go:2807]  |            ::1|[42m 200 [0m|     1.9946ms| nomatch|[44m GET     [0m /captcha/WzHC7foK1a1ZX8J.png
2020/07/01 16:18:18.283 [D] [server.go:2807]  |            ::1|[47m 302 [0m|      996.8µs|   match|[46m POST    [0m /seckill/user/login   r:/seckill/user/login
2020/07/01 16:18:18.291 [D] [server.go:2807]  |            ::1|[47m 302 [0m|           0s|   match|[44m GET     [0m /seckill/index   r:/seckill/index
2020/07/01 16:18:18.295 [D] [server.go:2807]  |            ::1|[42m 200 [0m|      996.9µs|   match|[44m GET     [0m /     r:/
2020/07/01 16:18:22.874 [D] [server.go:2807]  |            ::1|[47m 302 [0m|           0s|   match|[44m GET     [0m /seckill/index   r:/seckill/index
2020/07/01 16:18:22.884 [D] [server.go:2807]  |            ::1|[42m 200 [0m|      997.1µs|   match|[44m GET     [0m /     r:/
2020/07/01 16:18:26.451 [D] [server.go:2807]  |            ::1|[47m 302 [0m|           0s|   match|[44m GET     [0m /seckill/index   r:/seckill/index
2020/07/01 16:18:26.459 [D] [server.go:2807]  |            ::1|[42m 200 [0m|      998.1µs|   match|[44m GET     [0m /     r:/
2020/07/01 16:18:27.227 [D] [server.go:2807]  |            ::1|[47m 302 [0m|           0s|   match|[44m GET     [0m /seckill/index   r:/seckill/index
2020/07/01 16:18:27.235 [D] [server.go:2807]  |            ::1|[42m 200 [0m|      998.1µs|   match|[44m GET     [0m /     r:/
2020/07/01 16:18:27.676 [D] [server.go:2807]  |            ::1|[47m 302 [0m|      996.3µs|   match|[44m GET     [0m /seckill/index   r:/seckill/index
2020/07/01 16:18:27.687 [D] [server.go:2807]  |            ::1|[42m 200 [0m|      996.7µs|   match|[44m GET     [0m /     r:/
2020/07/01 16:18:27.889 [D] [server.go:2807]  |            ::1|[47m 302 [0m|           0s|   match|[44m GET     [0m /seckill/index   r:/seckill/index
2020/07/01 16:18:27.900 [D] [server.go:2807]  |            ::1|[42m 200 [0m|     1.9943ms|   match|[44m GET     [0m /     r:/
2020/07/01 16:18:30.391 [D] [server.go:2807]  |            ::1|[47m 302 [0m|           0s|   match|[44m GET     [0m /seckill/index   r:/seckill/index
2020/07/01 16:18:30.400 [D] [server.go:2807]  |            ::1|[42m 200 [0m|      998.7µs|   match|[44m GET     [0m /     r:/
2020/07/01 16:18:31.026 [D] [server.go:2807]  |            ::1|[47m 302 [0m|           0s|   match|[44m GET     [0m /seckill/index   r:/seckill/index
2020/07/01 16:18:31.037 [D] [server.go:2807]  |            ::1|[42m 200 [0m|     1.9937ms|   match|[44m GET     [0m /     r:/
2020/07/01 16:18:31.251 [D] [server.go:2807]  |            ::1|[47m 302 [0m|           0s|   match|[44m GET     [0m /seckill/index   r:/seckill/index
2020/07/01 16:18:31.259 [D] [server.go:2807]  |            ::1|[42m 200 [0m|      997.6µs|   match|[44m GET     [0m /     r:/
2020/07/01 16:18:31.607 [D] [server.go:2807]  |            ::1|[47m 302 [0m|      995.7µs|   match|[44m GET     [0m /seckill/index   r:/seckill/index
2020/07/01 16:18:31.617 [D] [server.go:2807]  |            ::1|[42m 200 [0m|      997.5µs|   match|[44m GET     [0m /     r:/
2020/07/01 16:18:31.960 [D] [server.go:2807]  |            ::1|[47m 302 [0m|      997.6µs|   match|[44m GET     [0m /seckill/index   r:/seckill/index
2020/07/01 16:18:31.972 [D] [server.go:2807]  |            ::1|[42m 200 [0m|     1.9954ms|   match|[44m GET     [0m /     r:/
2020/07/01 16:18:32.326 [D] [server.go:2807]  |            ::1|[47m 302 [0m|           0s|   match|[44m GET     [0m /seckill/index   r:/seckill/index
2020/07/01 16:18:32.337 [D] [server.go:2807]  |            ::1|[42m 200 [0m|      995.4µs|   match|[44m GET     [0m /     r:/
2020/07/01 16:18:32.682 [D] [server.go:2807]  |            ::1|[47m 302 [0m|           0s|   match|[44m GET     [0m /seckill/index   r:/seckill/index
2020/07/01 16:18:32.691 [D] [server.go:2807]  |            ::1|[42m 200 [0m|           0s|   match|[44m GET     [0m /     r:/
2020/07/01 16:18:32.899 [D] [server.go:2807]  |            ::1|[47m 302 [0m|           0s|   match|[44m GET     [0m /seckill/index   r:/seckill/index
2020/07/01 16:18:32.906 [D] [server.go:2807]  |            ::1|[42m 200 [0m|           0s|   match|[44m GET     [0m /     r:/
2020/07/01 16:18:33.127 [D] [server.go:2807]  |            ::1|[47m 302 [0m|      995.1µs|   match|[44m GET     [0m /seckill/index   r:/seckill/index
2020/07/01 16:18:33.138 [D] [server.go:2807]  |            ::1|[42m 200 [0m|        996µs|   match|[44m GET     [0m /     r:/
2020/07/01 16:18:33.483 [D] [server.go:2807]  |            ::1|[47m 302 [0m|      995.9µs|   match|[44m GET     [0m /seckill/index   r:/seckill/index
2020/07/01 16:18:33.490 [D] [server.go:2807]  |            ::1|[42m 200 [0m|     1.9956ms|   match|[44m GET     [0m /     r:/
2020/07/01 16:18:33.678 [D] [server.go:2807]  |            ::1|[47m 302 [0m|           0s|   match|[44m GET     [0m /seckill/index   r:/seckill/index
2020/07/01 16:18:33.687 [D] [server.go:2807]  |            ::1|[42m 200 [0m|     1.0113ms|   match|[44m GET     [0m /     r:/
2020/07/01 16:18:34.033 [D] [server.go:2807]  |            ::1|[47m 302 [0m|      996.3µs|   match|[44m GET     [0m /seckill/index   r:/seckill/index
2020/07/01 16:18:34.039 [D] [server.go:2807]  |            ::1|[42m 200 [0m|      998.3µs|   match|[44m GET     [0m /     r:/
2020/07/01 16:19:47.099 [D] [init.go:62]  init logs success
2020/07/01 16:19:47.406 [D] [asm_amd64.s:1373]  read goroutine running
2020/07/01 16:19:47.406 [D] [asm_amd64.s:1373]  read goroutine running
2020/07/01 16:19:47.406 [D] [asm_amd64.s:1373]  read goroutine running
2020/07/01 16:19:47.406 [D] [asm_amd64.s:1373]  read goroutine running
2020/07/01 16:19:47.406 [D] [asm_amd64.s:1373]  read goroutine running
2020/07/01 16:19:47.406 [D] [asm_amd64.s:1373]  read goroutine running
2020/07/01 16:19:47.407 [D] [asm_amd64.s:1373]  read goroutine running
2020/07/01 16:19:47.407 [D] [asm_amd64.s:1373]  read goroutine running
2020/07/01 16:19:47.407 [D] [asm_amd64.s:1373]  read goroutine running
2020/07/01 16:19:47.407 [D] [asm_amd64.s:1373]  read goroutine running
2020/07/01 16:19:47.407 [D] [asm_amd64.s:1373]  Dispose goroutine running
2020/07/01 16:19:47.407 [D] [asm_amd64.s:1373]  Dispose goroutine running
2020/07/01 16:19:47.407 [D] [asm_amd64.s:1373]  Dispose goroutine running
2020/07/01 16:19:47.407 [D] [asm_amd64.s:1373]  Dispose goroutine running
2020/07/01 16:19:47.407 [D] [asm_amd64.s:1373]  read goroutine running
2020/07/01 16:19:47.407 [D] [asm_amd64.s:1373]  Dispose goroutine running
2020/07/01 16:19:47.407 [D] [asm_amd64.s:1373]  Dispose goroutine running
2020/07/01 16:19:47.407 [D] [asm_amd64.s:1373]  Dispose goroutine running
2020/07/01 16:19:47.407 [D] [asm_amd64.s:1373]  read goroutine running
2020/07/01 16:19:47.407 [D] [asm_amd64.s:1373]  Dispose goroutine running
2020/07/01 16:19:47.407 [D] [asm_amd64.s:1373]  Dispose goroutine running
2020/07/01 16:19:47.407 [D] [asm_amd64.s:1373]  Dispose goroutine running
2020/07/01 16:19:47.407 [D] [asm_amd64.s:1373]  write goroutine running
2020/07/01 16:19:47.407 [D] [asm_amd64.s:1373]  write goroutine running
2020/07/01 16:19:47.407 [D] [asm_amd64.s:1373]  read goroutine running
2020/07/01 16:19:47.407 [D] [asm_amd64.s:1373]  write goroutine running
2020/07/01 16:19:47.407 [D] [asm_amd64.s:1373]  write goroutine running
2020/07/01 16:19:47.407 [D] [asm_amd64.s:1373]  write goroutine running
2020/07/01 16:19:47.407 [D] [asm_amd64.s:1373]  write goroutine running
2020/07/01 16:19:47.407 [D] [asm_amd64.s:1373]  write goroutine running
2020/07/01 16:19:47.407 [D] [asm_amd64.s:1373]  write goroutine running
2020/07/01 16:19:47.407 [D] [asm_amd64.s:1373]  write goroutine running
2020/07/01 16:19:47.407 [D] [asm_amd64.s:1373]  write goroutine running
2020/07/01 16:19:47.407 [D] [asm_amd64.s:1373]  write goroutine running
2020/07/01 16:19:47.407 [D] [asm_amd64.s:1373]  write goroutine running
2020/07/01 16:19:47.407 [D] [asm_amd64.s:1373]  write goroutine running
2020/07/01 16:19:47.407 [D] [asm_amd64.s:1373]  write goroutine running
2020/07/01 16:19:47.407 [D] [asm_amd64.s:1373]  write goroutine running
2020/07/01 16:19:47.407 [D] [asm_amd64.s:1373]  write goroutine running
2020/07/01 16:19:47.407 [D] [asm_amd64.s:1373]  read goroutine running
2020/07/01 16:19:47.407 [D] [asm_amd64.s:1373]  read goroutine running
2020/07/01 16:19:47.407 [D] [asm_amd64.s:1373]  read goroutine running
2020/07/01 16:19:47.521 [I] [asm_amd64.s:1373]  http server Running on http://:8088
2020/07/01 16:19:56.804 [D] [server.go:2807]  |            ::1|[43m 404 [0m|           0s| nomatch|[44m GET     [0m /  
2020/07/01 16:19:56.805 [D] [server.go:2807]  |            ::1|[43m 404 [0m|      998.2µs| nomatch|[44m GET     [0m /robots.txt
2020/07/01 16:19:56.938 [D] [server.go:2807]  |            ::1|[43m 404 [0m|      2.988ms| nomatch|[44m GET     [0m /favicon.ico
2020/07/01 16:20:36.774 [D] [server.go:2807]  |            ::1|[43m 404 [0m|           0s| nomatch|[44m GET     [0m /  
2020/07/01 16:21:54.446 [D] [init.go:63]  init logs success
2020/07/01 16:21:54.749 [D] [asm_amd64.s:1373]  WriteAccessRedisNode is running
2020/07/01 16:21:54.749 [D] [asm_amd64.s:1373]  WriteAccessRedisNode is running
2020/07/01 16:21:54.749 [D] [asm_amd64.s:1373]  WriteAccessRedisNode is running
2020/07/01 16:21:54.749 [D] [asm_amd64.s:1373]  WriteAccessRedisNode is running
2020/07/01 16:21:54.749 [D] [asm_amd64.s:1373]  WriteAccessRedisNode is running
2020/07/01 16:21:54.749 [D] [asm_amd64.s:1373]  WriteAccessRedisNode is running
2020/07/01 16:21:54.749 [D] [asm_amd64.s:1373]  WriteAccessRedisNode is running
2020/07/01 16:21:54.749 [D] [asm_amd64.s:1373]  ReadDisposeRedisNode is running
2020/07/01 16:21:54.749 [D] [asm_amd64.s:1373]  ReadDisposeRedisNode is running
2020/07/01 16:21:54.749 [D] [asm_amd64.s:1373]  ReadDisposeRedisNode is running
2020/07/01 16:21:54.749 [D] [asm_amd64.s:1373]  ReadDisposeRedisNode is running
2020/07/01 16:21:54.749 [D] [asm_amd64.s:1373]  ReadDisposeRedisNode is running
2020/07/01 16:21:54.749 [D] [asm_amd64.s:1373]  ReadDisposeRedisNode is running
2020/07/01 16:21:54.749 [D] [asm_amd64.s:1373]  ReadDisposeRedisNode is running
2020/07/01 16:21:54.749 [D] [asm_amd64.s:1373]  ReadDisposeRedisNode is running
2020/07/01 16:21:54.749 [D] [asm_amd64.s:1373]  ReadDisposeRedisNode is running
2020/07/01 16:21:54.749 [D] [asm_amd64.s:1373]  ReadDisposeRedisNode is running
2020/07/01 16:21:54.749 [D] [asm_amd64.s:1373]  ReadDisposeRedisNode is running
2020/07/01 16:21:54.749 [D] [asm_amd64.s:1373]  ReadDisposeRedisNode is running
2020/07/01 16:21:54.749 [D] [asm_amd64.s:1373]  ReadDisposeRedisNode is running
2020/07/01 16:21:54.749 [D] [asm_amd64.s:1373]  ReadDisposeRedisNode is running
2020/07/01 16:21:54.749 [D] [asm_amd64.s:1373]  ReadDisposeRedisNode is running
2020/07/01 16:21:54.749 [D] [asm_amd64.s:1373]  ReadDisposeRedisNode is running
2020/07/01 16:21:54.749 [D] [asm_amd64.s:1373]  WriteAccessRedisNode is running
2020/07/01 16:21:54.749 [D] [asm_amd64.s:1373]  WriteAccessRedisNode is running
2020/07/01 16:21:54.749 [D] [asm_amd64.s:1373]  WriteAccessRedisNode is running
2020/07/01 16:21:54.749 [D] [asm_amd64.s:1373]  WriteAccessRedisNode is running
2020/07/01 16:21:54.749 [D] [asm_amd64.s:1373]  WriteAccessRedisNode is running
2020/07/01 16:21:54.749 [D] [asm_amd64.s:1373]  WriteAccessRedisNode is running
2020/07/01 16:21:54.749 [D] [asm_amd64.s:1373]  WriteAccessRedisNode is running
2020/07/01 16:21:54.749 [D] [asm_amd64.s:1373]  WriteAccessRedisNode is running
2020/07/01 16:21:54.749 [D] [asm_amd64.s:1373]  WriteAccessRedisNode is running
2020/07/01 16:21:54.852 [I] [asm_amd64.s:1373]  http server Running on http://:8080
2020/07/01 16:44:33.022 [D] [init.go:63]  init logs success
2020/07/01 16:44:33.338 [D] [asm_amd64.s:1373]  WriteAccessRedisNode is running
2020/07/01 16:44:33.338 [D] [asm_amd64.s:1373]  WriteAccessRedisNode is running
2020/07/01 16:44:33.338 [D] [asm_amd64.s:1373]  WriteAccessRedisNode is running
2020/07/01 16:44:33.338 [D] [asm_amd64.s:1373]  WriteAccessRedisNode is running
2020/07/01 16:44:33.338 [D] [asm_amd64.s:1373]  WriteAccessRedisNode is running
2020/07/01 16:44:33.338 [D] [asm_amd64.s:1373]  WriteAccessRedisNode is running
2020/07/01 16:44:33.338 [D] [asm_amd64.s:1373]  WriteAccessRedisNode is running
2020/07/01 16:44:33.338 [D] [asm_amd64.s:1373]  WriteAccessRedisNode is running
2020/07/01 16:44:33.338 [D] [asm_amd64.s:1373]  WriteAccessRedisNode is running
2020/07/01 16:44:33.338 [D] [asm_amd64.s:1373]  WriteAccessRedisNode is running
2020/07/01 16:44:33.338 [D] [asm_amd64.s:1373]  WriteAccessRedisNode is running
2020/07/01 16:44:33.338 [D] [asm_amd64.s:1373]  WriteAccessRedisNode is running
2020/07/01 16:44:33.338 [D] [asm_amd64.s:1373]  WriteAccessRedisNode is running
2020/07/01 16:44:33.338 [D] [asm_amd64.s:1373]  WriteAccessRedisNode is running
2020/07/01 16:44:33.338 [D] [asm_amd64.s:1373]  WriteAccessRedisNode is running
2020/07/01 16:44:33.338 [D] [asm_amd64.s:1373]  ReadDisposeRedisNode is running
2020/07/01 16:44:33.338 [D] [asm_amd64.s:1373]  ReadDisposeRedisNode is running
2020/07/01 16:44:33.338 [D] [asm_amd64.s:1373]  WriteAccessRedisNode is running
2020/07/01 16:44:33.338 [D] [asm_amd64.s:1373]  ReadDisposeRedisNode is running
2020/07/01 16:44:33.338 [D] [asm_amd64.s:1373]  ReadDisposeRedisNode is running
2020/07/01 16:44:33.338 [D] [asm_amd64.s:1373]  ReadDisposeRedisNode is running
2020/07/01 16:44:33.338 [D] [asm_amd64.s:1373]  ReadDisposeRedisNode is running
2020/07/01 16:44:33.338 [D] [asm_amd64.s:1373]  ReadDisposeRedisNode is running
2020/07/01 16:44:33.338 [D] [asm_amd64.s:1373]  ReadDisposeRedisNode is running
2020/07/01 16:44:33.339 [D] [asm_amd64.s:1373]  ReadDisposeRedisNode is running
2020/07/01 16:44:33.339 [D] [asm_amd64.s:1373]  ReadDisposeRedisNode is running
2020/07/01 16:44:33.339 [D] [asm_amd64.s:1373]  ReadDisposeRedisNode is running
2020/07/01 16:44:33.339 [D] [asm_amd64.s:1373]  ReadDisposeRedisNode is running
2020/07/01 16:44:33.338 [D] [asm_amd64.s:1373]  ReadDisposeRedisNode is running
2020/07/01 16:44:33.339 [D] [asm_amd64.s:1373]  ReadDisposeRedisNode is running
2020/07/01 16:44:33.339 [D] [asm_amd64.s:1373]  ReadDisposeRedisNode is running
2020/07/01 16:44:33.339 [D] [asm_amd64.s:1373]  ReadDisposeRedisNode is running
2020/07/01 16:44:33.483 [I] [asm_amd64.s:1373]  http server Running on http://:8080
2020/07/01 16:45:04.708 [D] [init.go:49]  init logs success
2020/07/01 16:45:05.128 [I] [asm_amd64.s:1373]  http server Running on http://:8090
2020/07/01 16:45:20.148 [D] [server.go:2807]  |            ::1|[47m 302 [0m|      4.989ms|   match|[44m GET     [0m /     r:/
2020/07/01 16:45:31.808 [D] [server.go:2807]  |            ::1|[47m 302 [0m|           0s|   match|[44m GET     [0m /     r:/
2020/07/01 16:45:36.712 [D] [server.go:2807]  |            ::1|[42m 200 [0m|     1.9951ms|   match|[44m GET     [0m /public/login   r:/public/login
2020/07/01 16:45:36.744 [D] [server.go:2807]  |            ::1|[42m 200 [0m|      999.2µs|   match|[44m GET     [0m /static/easyui/jquery-easyui/themes/default/easyui.css
2020/07/01 16:45:36.745 [D] [server.go:2807]  |            ::1|[42m 200 [0m|      996.5µs|   match|[44m GET     [0m /static/easyui/jquery-easyui/themes/icon.css
2020/07/01 16:45:36.745 [D] [server.go:2807]  |            ::1|[42m 200 [0m|           0s|   match|[44m GET     [0m /static/easyui/jquery-easyui/jquery.min.js
2020/07/01 16:45:36.745 [D] [server.go:2807]  |            ::1|[42m 200 [0m|           0s|   match|[44m GET     [0m /static/easyui/jquery-easyui/common.js
2020/07/01 16:45:36.746 [D] [server.go:2807]  |            ::1|[42m 200 [0m|           0s|   match|[44m GET     [0m /static/easyui/jquery-easyui/jquery.easyui.min.js
2020/07/01 16:45:36.746 [D] [server.go:2807]  |            ::1|[42m 200 [0m|      995.4µs|   match|[44m GET     [0m /static/easyui/jquery-easyui/easyui_expand.js
2020/07/01 16:45:36.751 [D] [server.go:2807]  |            ::1|[42m 200 [0m|           0s|   match|[44m GET     [0m /static/easyui/jquery-easyui/phpjs-min.js
2020/07/01 16:45:36.830 [D] [server.go:2807]  |            ::1|[42m 200 [0m|        998µs|   match|[44m GET     [0m /static/easyui/jquery-easyui/themes/default/images/validatebox_warning.png
2020/07/01 16:45:36.835 [D] [server.go:2807]  |            ::1|[42m 200 [0m|           0s|   match|[44m GET     [0m /static/easyui/jquery-easyui/themes/default/images/linkbutton_bg.png
2020/07/01 16:45:36.836 [D] [server.go:2807]  |            ::1|[42m 200 [0m|           0s|   match|[44m GET     [0m /static/easyui/jquery-easyui/themes/icons/filesave.png
2020/07/01 16:45:36.839 [D] [server.go:2807]  |            ::1|[42m 200 [0m|     1.9933ms|   match|[44m GET     [0m /static/easyui/jquery-easyui/themes/icons/cancel.png
2020/07/01 16:45:36.844 [D] [server.go:2807]  |            ::1|[42m 200 [0m|           0s|   match|[44m GET     [0m /static/easyui/jquery-easyui/themes/default/images/blank.gif
2020/07/01 16:45:44.381 [D] [init.go:49]  init logs success
2020/07/01 16:45:44.768 [I] [asm_amd64.s:1373]  http server Running on http://:8090
2020/07/01 16:45:55.959 [D] [server.go:2807]  |            ::1|[42m 200 [0m|     1.4505ms|   match|[46m POST    [0m /public/login   r:/public/login
2020/07/01 16:45:58.228 [D] [server.go:2807]  |            ::1|[42m 200 [0m|           0s|   match|[46m POST    [0m /public/login   r:/public/login
2020/07/01 16:46:05.364 [D] [server.go:2807]  |            ::1|[42m 200 [0m|           0s|   match|[46m POST    [0m /public/login   r:/public/login
2020/07/01 16:46:07.321 [D] [server.go:2807]  |            ::1|[42m 200 [0m|           0s|   match|[46m POST    [0m /public/login   r:/public/login
2020/07/01 16:46:08.121 [D] [server.go:2807]  |            ::1|[42m 200 [0m|      997.5µs|   match|[46m POST    [0m /public/login   r:/public/login
2020/07/01 16:46:09.664 [D] [server.go:2807]  |            ::1|[42m 200 [0m|     2.9922ms|   match|[44m GET     [0m /public/login   r:/public/login
2020/07/01 16:46:10.746 [D] [server.go:2807]  |            ::1|[42m 200 [0m|      995.5µs|   match|[44m GET     [0m /public/login   r:/public/login
2020/07/01 16:46:19.631 [D] [server.go:2807]  |            ::1|[42m 200 [0m|        998µs|   match|[46m POST    [0m /public/login   r:/public/login
2020/07/01 16:46:21.595 [D] [server.go:2807]  |            ::1|[47m 302 [0m|      997.5µs|   match|[44m GET     [0m /     r:/
2020/07/01 16:46:28.885 [D] [server.go:2807]  |            ::1|[42m 200 [0m|      997.1µs|   match|[44m GET     [0m /public/login   r:/public/login
2020/07/01 16:46:31.908 [D] [server.go:2807]  |            ::1|[42m 200 [0m|           0s|   match|[46m POST    [0m /public/login   r:/public/login
2020/07/01 16:46:31.939 [D] [server.go:2807]  |            ::1|[42m 200 [0m|     1.9947ms|   match|[44m GET     [0m /public/index   r:/public/index
2020/07/01 16:46:31.990 [D] [server.go:2807]  |            ::1|[42m 200 [0m|           0s|   match|[44m GET     [0m /static/easyui/jquery-easyui/themes/icons/undo.png
2020/07/01 16:46:31.990 [D] [server.go:2807]  |            ::1|[42m 200 [0m|           0s|   match|[44m GET     [0m /static/easyui/jquery-easyui/themes/icons/redo.png
2020/07/01 16:46:32.005 [D] [server.go:2807]  |            ::1|[42m 200 [0m|      996.8µs|   match|[44m GET     [0m /static/easyui/jquery-easyui/themes/default/images/panel_tools.png
2020/07/01 16:46:32.006 [D] [server.go:2807]  |            ::1|[42m 200 [0m|           0s|   match|[44m GET     [0m /static/easyui/jquery-easyui/themes/default/images/layout_arrows.png
2020/07/01 16:46:32.016 [D] [server.go:2807]  |            ::1|[42m 200 [0m|        995µs|   match|[46m POST    [0m /public/index   r:/public/index
2020/07/01 16:46:32.019 [D] [server.go:2807]  |            ::1|[42m 200 [0m|           0s|   match|[44m GET     [0m /static/easyui/jquery-easyui/themes/default/images/tabs_icons.png
2020/07/01 16:46:32.025 [D] [server.go:2807]  |            ::1|[42m 200 [0m|           0s|   match|[44m GET     [0m /static/easyui/jquery-easyui/themes/icons/reload.png
2020/07/01 16:46:32.044 [D] [server.go:2807]  |            ::1|[42m 200 [0m|           0s|   match|[44m GET     [0m /static/easyui/jquery-easyui/themes/default/images/tree_icons.png
2020/07/01 17:09:17.155 [D] [server.go:2807]  |            ::1|[42m 200 [0m|     4.9878ms|   match|[44m GET     [0m /rbac/node/index   r:/rbac/node/index
2020/07/01 17:09:17.167 [D] [server.go:2807]  |            ::1|[47m 304 [0m|           0s|   match|[44m GET     [0m /static/easyui/jquery-easyui/themes/icon.css
2020/07/01 17:09:17.167 [D] [server.go:2807]  |            ::1|[47m 304 [0m|           0s|   match|[44m GET     [0m /static/easyui/jquery-easyui/jquery.easyui.min.js
2020/07/01 17:09:17.168 [D] [server.go:2807]  |            ::1|[47m 304 [0m|      997.5µs|   match|[44m GET     [0m /static/easyui/jquery-easyui/jquery.min.js
2020/07/01 17:09:17.168 [D] [server.go:2807]  |            ::1|[47m 304 [0m|           0s|   match|[44m GET     [0m /static/easyui/jquery-easyui/common.js
2020/07/01 17:09:17.168 [D] [server.go:2807]  |            ::1|[47m 304 [0m|           0s|   match|[44m GET     [0m /static/easyui/jquery-easyui/easyui_expand.js
2020/07/01 17:09:28.999 [D] [server.go:2807]  |            ::1|[47m 304 [0m|      996.7µs|   match|[44m GET     [0m /static/easyui/jquery-easyui/themes/default/easyui.css
2020/07/01 17:09:29.003 [D] [server.go:2807]  |            ::1|[42m 200 [0m|     2.9924ms|   match|[44m GET     [0m /rbac/group/index   r:/rbac/group/index
2020/07/01 17:09:29.003 [D] [server.go:2807]  |            ::1|[47m 304 [0m|           0s|   match|[44m GET     [0m /static/easyui/jquery-easyui/phpjs-min.js
2020/07/01 17:09:29.005 [D] [server.go:2807]  |            ::1|[42m 200 [0m|     3.9888ms|   match|[44m GET     [0m /rbac/role/index   r:/rbac/role/index
2020/07/01 17:09:29.008 [D] [server.go:2807]  |            ::1|[42m 200 [0m|     7.9792ms|   match|[44m GET     [0m /rbac/user/index   r:/rbac/user/index
2020/07/01 17:09:29.010 [D] [server.go:2807]  |            ::1|[42m 200 [0m|     8.4346ms|   match|[44m GET     [0m /seckill/product/index   r:/seckill/product/index
2020/07/01 17:09:29.055 [D] [server.go:2807]  |            ::1|[42m 200 [0m|      998.5µs|   match|[44m GET     [0m /static/easyui/jquery-easyui/themes/default/images/loading.gif
2020/07/01 17:09:29.063 [D] [server.go:2807]  |            ::1|[42m 200 [0m|      999.2µs|   match|[46m POST    [0m /rbac/node/index   r:/rbac/node/index
2020/07/01 17:09:29.066 [D] [server.go:2807]  |            ::1|[42m 200 [0m|           0s|   match|[44m GET     [0m /static/easyui/jquery-easyui/themes/default/images/combo_arrow.png
2020/07/01 17:09:29.257 [D] [server.go:2807]  |            ::1|[42m 200 [0m|      997.5µs|   match|[46m POST    [0m /rbac/group/index   r:/rbac/group/index
2020/07/01 17:09:29.279 [D] [server.go:2807]  |            ::1|[42m 200 [0m|     4.9883ms|   match|[46m POST    [0m /rbac/role/index   r:/rbac/role/index
2020/07/01 17:09:29.284 [D] [server.go:2807]  |            ::1|[42m 200 [0m|      998.2µs|   match|[46m POST    [0m /rbac/user/index   r:/rbac/user/index
2020/07/01 17:09:32.181 [D] [server.go:2807]  |            ::1|[47m 304 [0m|           0s|   match|[44m GET     [0m /static/easyui/jquery-easyui/themes/default/images/blank.gif
2020/07/01 17:09:32.182 [D] [server.go:2807]  |            ::1|[42m 200 [0m|        998µs|   match|[44m GET     [0m /static/easyui/jquery-easyui/themes/icons/pencil.png
2020/07/01 17:09:32.182 [D] [server.go:2807]  |            ::1|[42m 200 [0m|        998µs|   match|[44m GET     [0m /static/easyui/jquery-easyui/themes/icons/edit_add.png
2020/07/01 17:09:32.183 [D] [server.go:2807]  |            ::1|[47m 304 [0m|      998.4µs|   match|[44m GET     [0m /static/easyui/jquery-easyui/themes/icons/filesave.png
2020/07/01 17:09:32.184 [D] [server.go:2807]  |            ::1|[47m 304 [0m|           0s|   match|[44m GET     [0m /static/easyui/jquery-easyui/themes/icons/cancel.png
2020/07/01 17:09:32.184 [D] [server.go:2807]  |            ::1|[47m 304 [0m|           0s|   match|[44m GET     [0m /static/easyui/jquery-easyui/themes/icons/reload.png
2020/07/01 17:09:32.184 [D] [server.go:2807]  |            ::1|[42m 200 [0m|           0s|   match|[44m GET     [0m /static/easyui/jquery-easyui/themes/default/images/pagination_icons.png
2020/07/01 17:09:35.193 [D] [server.go:2807]  |            ::1|[47m 304 [0m|           0s|   match|[44m GET     [0m /static/easyui/jquery-easyui/themes/default/images/tree_icons.png
2020/07/01 17:09:37.713 [D] [server.go:2807]  |            ::1|[42m 200 [0m|     1.9936ms|   match|[44m GET     [0m /public/index   r:/public/index
2020/07/01 17:09:37.787 [D] [server.go:2807]  |            ::1|[47m 304 [0m|           0s|   match|[44m GET     [0m /static/easyui/jquery-easyui/themes/icons/undo.png
2020/07/01 17:09:37.787 [D] [server.go:2807]  |            ::1|[47m 304 [0m|           0s|   match|[44m GET     [0m /static/easyui/jquery-easyui/themes/icons/redo.png
2020/07/01 17:09:37.799 [D] [server.go:2807]  |            ::1|[47m 304 [0m|           0s|   match|[44m GET     [0m /static/easyui/jquery-easyui/themes/default/images/validatebox_warning.png
2020/07/01 17:09:37.804 [D] [server.go:2807]  |            ::1|[47m 304 [0m|           0s|   match|[44m GET     [0m /static/easyui/jquery-easyui/themes/default/images/panel_tools.png
2020/07/01 17:09:37.807 [D] [server.go:2807]  |            ::1|[47m 304 [0m|           0s|   match|[44m GET     [0m /static/easyui/jquery-easyui/themes/default/images/layout_arrows.png
2020/07/01 17:09:37.817 [D] [server.go:2807]  |            ::1|[42m 200 [0m|     1.9977ms|   match|[46m POST    [0m /public/index   r:/public/index
2020/07/01 17:09:37.820 [D] [server.go:2807]  |            ::1|[47m 304 [0m|           0s|   match|[44m GET     [0m /static/easyui/jquery-easyui/themes/default/images/tabs_icons.png
2020/07/01 17:09:37.889 [D] [server.go:2807]  |            ::1|[42m 200 [0m|     2.9921ms|   match|[44m GET     [0m /public/index   r:/public/index
2020/07/01 17:09:37.951 [D] [server.go:2807]  |            ::1|[42m 200 [0m|      995.4µs|   match|[46m POST    [0m /public/index   r:/public/index
2020/07/01 17:09:38.085 [D] [server.go:2807]  |            ::1|[42m 200 [0m|     1.9946ms|   match|[44m GET     [0m /public/index   r:/public/index
2020/07/01 17:09:38.151 [D] [server.go:2807]  |            ::1|[42m 200 [0m|           0s|   match|[46m POST    [0m /public/index   r:/public/index
2020/07/01 17:09:38.936 [D] [server.go:2807]  |            ::1|[42m 200 [0m|     1.9962ms|   match|[44m GET     [0m /rbac/node/index   r:/rbac/node/index
2020/07/01 17:09:38.985 [D] [server.go:2807]  |            ::1|[42m 200 [0m|      997.5µs|   match|[46m POST    [0m /rbac/node/index   r:/rbac/node/index
2020/07/01 17:09:54.965 [D] [server.go:2807]  |            ::1|[42m 200 [0m|     1.9942ms|   match|[44m GET     [0m /rbac/user/index   r:/rbac/user/index
2020/07/01 17:09:55.036 [D] [server.go:2807]  |            ::1|[47m 304 [0m|        998µs|   match|[44m GET     [0m /static/easyui/jquery-easyui/themes/default/images/linkbutton_bg.png
2020/07/01 17:09:55.060 [D] [server.go:2807]  |            ::1|[42m 200 [0m|      998.6µs|   match|[46m POST    [0m /rbac/user/index   r:/rbac/user/index
2020/07/01 17:10:03.355 [D] [server.go:2807]  |            ::1|[42m 200 [0m|     1.9956ms|   match|[44m GET     [0m /rbac/group/index   r:/rbac/group/index
2020/07/01 17:10:03.428 [D] [server.go:2807]  |            ::1|[42m 200 [0m|           0s|   match|[46m POST    [0m /rbac/group/index   r:/rbac/group/index
2020/07/01 17:10:04.836 [D] [server.go:2807]  |            ::1|[42m 200 [0m|     1.9957ms|   match|[44m GET     [0m /rbac/role/index   r:/rbac/role/index
2020/07/01 17:10:04.890 [D] [server.go:2807]  |            ::1|[42m 200 [0m|           0s|   match|[46m POST    [0m /rbac/role/index   r:/rbac/role/index
2020/07/01 17:10:11.542 [D] [server.go:2807]  |            ::1|[42m 200 [0m|     1.9931ms|   match|[44m GET     [0m /rbac/user/index   r:/rbac/user/index
2020/07/01 17:10:11.625 [D] [server.go:2807]  |            ::1|[42m 200 [0m|           0s|   match|[46m POST    [0m /rbac/user/index   r:/rbac/user/index
2020/07/01 17:10:57.558 [D] [server.go:2807]  |            ::1|[42m 200 [0m|     5.9922ms|   match|[46m POST    [0m /rbac/user/AddUser   r:/rbac/user/AddUser
2020/07/01 17:10:57.587 [D] [server.go:2807]  |            ::1|[42m 200 [0m|      997.8µs|   match|[46m POST    [0m /rbac/user/index   r:/rbac/user/index
2020/07/01 17:11:02.796 [D] [server.go:2807]  |            ::1|[42m 200 [0m|      996.5µs|   match|[44m GET     [0m /rbac/role/index   r:/rbac/role/index
2020/07/01 17:11:02.851 [D] [server.go:2807]  |            ::1|[42m 200 [0m|           0s|   match|[46m POST    [0m /rbac/role/index   r:/rbac/role/index
2020/07/01 17:11:08.089 [D] [server.go:2807]  |            ::1|[42m 200 [0m|      996.5µs|   match|[44m GET     [0m /rbac/role/RoleToUserList   r:/rbac/role/RoleToUserList
2020/07/01 17:11:08.168 [D] [server.go:2807]  |            ::1|[42m 200 [0m|           0s|   match|[44m GET     [0m /static/easyui/jquery-easyui/themes/icons/ok.png
2020/07/01 17:11:08.169 [D] [server.go:2807]  |            ::1|[42m 200 [0m|      997.8µs|   match|[44m GET     [0m /static/easyui/jquery-easyui/themes/icons/no.png
2020/07/01 17:11:08.176 [D] [server.go:2807]  |            ::1|[42m 200 [0m|      998.7µs|   match|[46m POST    [0m /rbac/role/Getlist   r:/rbac/role/Getlist
2020/07/01 17:11:08.207 [D] [server.go:2807]  |            ::1|[42m 200 [0m|     2.9931ms|   match|[44m GET     [0m /rbac/role/RoleToUserList   r:/rbac/role/RoleToUserList
2020/07/01 17:11:11.668 [D] [server.go:2807]  |            ::1|[42m 200 [0m|      998.2µs|   match|[44m GET     [0m /rbac/role/RoleToUserList   r:/rbac/role/RoleToUserList
2020/07/01 17:11:14.152 [D] [server.go:2807]  |            ::1|[42m 200 [0m|           0s|   match|[46m POST    [0m /rbac/role/AddRoleToUser   r:/rbac/role/AddRoleToUser
2020/07/01 17:11:14.158 [D] [server.go:2807]  |            ::1|[42m 200 [0m|           0s|   match|[44m GET     [0m /static/easyui/jquery-easyui/themes/default/images/messager_icons.png
2020/07/01 17:11:23.089 [D] [server.go:2807]  |            ::1|[42m 200 [0m|      997.5µs|   match|[44m GET     [0m /rbac/group/index   r:/rbac/group/index
2020/07/01 17:11:23.164 [D] [server.go:2807]  |            ::1|[42m 200 [0m|           0s|   match|[46m POST    [0m /rbac/group/index   r:/rbac/group/index
2020/07/01 17:11:24.434 [D] [server.go:2807]  |            ::1|[42m 200 [0m|      998.1µs|   match|[44m GET     [0m /rbac/node/index   r:/rbac/node/index
2020/07/01 17:11:24.477 [D] [server.go:2807]  |            ::1|[42m 200 [0m|      997.6µs|   match|[46m POST    [0m /rbac/node/index   r:/rbac/node/index
2020/07/01 17:11:27.406 [D] [server.go:2807]  |            ::1|[42m 200 [0m|     1.9961ms|   match|[44m GET     [0m /seckill/product/index   r:/seckill/product/index
2020/07/01 17:11:28.405 [D] [server.go:2807]  |            ::1|[42m 200 [0m|     2.9923ms|   match|[44m GET     [0m /seckill/activity/index   r:/seckill/activity/index
2020/07/01 17:11:34.640 [D] [server.go:2807]  |            ::1|[47m 302 [0m|           0s|   match|[44m GET     [0m /public/logout   r:/public/logout
2020/07/01 17:11:34.647 [D] [server.go:2807]  |            ::1|[42m 200 [0m|      996.2µs|   match|[44m GET     [0m /public/login   r:/public/login
2020/07/01 17:11:40.948 [D] [server.go:2807]  |            ::1|[42m 200 [0m|      998.4µs|   match|[46m POST    [0m /public/login   r:/public/login
2020/07/01 17:11:40.973 [D] [server.go:2807]  |            ::1|[42m 200 [0m|     1.9943ms|   match|[44m GET     [0m /public/index   r:/public/index
2020/07/01 17:11:41.032 [D] [server.go:2807]  |            ::1|[42m 200 [0m|           0s|   match|[46m POST    [0m /public/index   r:/public/index
2020/07/01 17:11:42.363 [D] [server.go:2807]  |            ::1|[42m 200 [0m|           0s| nomatch|[44m GET     [0m /rbac/node/index
2020/07/01 17:11:43.033 [D] [server.go:2807]  |            ::1|[42m 200 [0m|           0s| nomatch|[44m GET     [0m /rbac/user/index
2020/07/01 17:11:44.021 [D] [server.go:2807]  |            ::1|[42m 200 [0m|           0s| nomatch|[44m GET     [0m /rbac/group/index
2020/07/01 17:11:44.525 [D] [server.go:2807]  |            ::1|[42m 200 [0m|           0s| nomatch|[44m GET     [0m /rbac/role/index
2020/07/01 17:11:45.642 [D] [server.go:2807]  |            ::1|[42m 200 [0m|           0s| nomatch|[44m GET     [0m /seckill/product/index
2020/07/01 17:11:46.154 [D] [server.go:2807]  |            ::1|[42m 200 [0m|           0s| nomatch|[44m GET     [0m /seckill/activity/index
2020/07/01 17:11:47.619 [D] [server.go:2807]  |            ::1|[47m 302 [0m|           0s|   match|[44m GET     [0m /public/logout   r:/public/logout
2020/07/01 17:11:47.627 [D] [server.go:2807]  |            ::1|[42m 200 [0m|     1.0327ms|   match|[44m GET     [0m /public/login   r:/public/login
2020/07/01 17:11:53.473 [D] [server.go:2807]  |            ::1|[42m 200 [0m|      998.3µs|   match|[46m POST    [0m /public/login   r:/public/login
2020/07/01 17:11:53.494 [D] [server.go:2807]  |            ::1|[42m 200 [0m|        997µs|   match|[44m GET     [0m /public/index   r:/public/index
2020/07/01 17:11:53.555 [D] [server.go:2807]  |            ::1|[42m 200 [0m|      997.4µs|   match|[46m POST    [0m /public/index   r:/public/index
2020/07/01 17:11:54.890 [D] [server.go:2807]  |            ::1|[42m 200 [0m|     1.9957ms|   match|[44m GET     [0m /rbac/node/index   r:/rbac/node/index
2020/07/01 17:11:54.931 [D] [server.go:2807]  |            ::1|[42m 200 [0m|           0s|   match|[46m POST    [0m /rbac/node/index   r:/rbac/node/index
2020/07/01 17:11:55.695 [D] [server.go:2807]  |            ::1|[42m 200 [0m|     1.9928ms|   match|[44m GET     [0m /rbac/user/index   r:/rbac/user/index
2020/07/01 17:11:55.777 [D] [server.go:2807]  |            ::1|[42m 200 [0m|           0s|   match|[46m POST    [0m /rbac/user/index   r:/rbac/user/index
2020/07/01 17:11:56.179 [D] [server.go:2807]  |            ::1|[42m 200 [0m|      1.994ms|   match|[44m GET     [0m /rbac/group/index   r:/rbac/group/index
2020/07/01 17:11:56.247 [D] [server.go:2807]  |            ::1|[42m 200 [0m|      996.9µs|   match|[46m POST    [0m /rbac/group/index   r:/rbac/group/index
2020/07/01 17:11:56.651 [D] [server.go:2807]  |            ::1|[42m 200 [0m|      998.3µs|   match|[44m GET     [0m /rbac/role/index   r:/rbac/role/index
2020/07/01 17:11:56.704 [D] [server.go:2807]  |            ::1|[42m 200 [0m|           0s|   match|[46m POST    [0m /rbac/role/index   r:/rbac/role/index
2020/07/01 17:13:08.905 [D] [server.go:2807]  |            ::1|[42m 200 [0m|     1.9931ms|   match|[44m GET     [0m /rbac/node/index   r:/rbac/node/index
2020/07/01 17:13:08.956 [D] [server.go:2807]  |            ::1|[42m 200 [0m|      997.4µs|   match|[46m POST    [0m /rbac/node/index   r:/rbac/node/index
2020/07/01 17:13:18.276 [D] [server.go:2807]  |            ::1|[42m 200 [0m|     1.9925ms|   match|[44m GET     [0m /rbac/user/index   r:/rbac/user/index
2020/07/01 17:13:18.408 [D] [server.go:2807]  |            ::1|[42m 200 [0m|      998.4µs|   match|[46m POST    [0m /rbac/user/index   r:/rbac/user/index
2020/07/01 17:14:37.696 [D] [server.go:2807]  |            ::1|[42m 200 [0m|      997.8µs|   match|[44m GET     [0m /seckill/product/index   r:/seckill/product/index
2020/07/01 17:14:41.654 [D] [server.go:2807]  |            ::1|[42m 200 [0m|      997.2µs|   match|[44m GET     [0m /seckill/product/addProuct   r:/seckill/product/addProuct
2020/07/01 17:15:02.776 [D] [server.go:2807]  |            ::1|[42m 200 [0m|     1.9957ms|   match|[44m GET     [0m /rbac/user/index   r:/rbac/user/index
2020/07/01 17:15:02.915 [D] [server.go:2807]  |            ::1|[42m 200 [0m|      997.1µs|   match|[46m POST    [0m /rbac/user/index   r:/rbac/user/index
2020/07/01 17:15:10.269 [D] [server.go:2807]  |            ::1|[42m 200 [0m|     1.9948ms|   match|[44m GET     [0m /rbac/group/index   r:/rbac/group/index
2020/07/01 17:15:10.387 [D] [server.go:2807]  |            ::1|[42m 200 [0m|           0s|   match|[46m POST    [0m /rbac/group/index   r:/rbac/group/index
2020/07/01 17:15:19.048 [D] [server.go:2807]  |            ::1|[42m 200 [0m|      998.4µs|   match|[46m POST    [0m /rbac/user/index   r:/rbac/user/index
2020/07/01 17:19:36.189 [D] [server.go:2807]  |            ::1|[47m 304 [0m|           0s|   match|[44m GET     [0m /static/easyui/jquery-easyui/themes/default/images/messager_icons.png
2020/07/01 17:20:03.806 [D] [server.go:2807]  |            ::1|[42m 200 [0m|     6.9799ms|   match|[44m GET     [0m /public/index   r:/public/index
2020/07/01 17:20:03.845 [D] [server.go:2807]  |            ::1|[47m 304 [0m|           0s|   match|[44m GET     [0m /static/easyui/jquery-easyui/themes/default/easyui.css
2020/07/01 17:20:03.847 [D] [server.go:2807]  |            ::1|[47m 304 [0m|           0s|   match|[44m GET     [0m /static/easyui/jquery-easyui/themes/icon.css
2020/07/01 17:20:03.850 [D] [server.go:2807]  |            ::1|[47m 304 [0m|      997.3µs|   match|[44m GET     [0m /static/easyui/jquery-easyui/jquery.easyui.min.js
2020/07/01 17:20:03.850 [D] [server.go:2807]  |            ::1|[47m 304 [0m|      997.3µs|   match|[44m GET     [0m /static/easyui/jquery-easyui/jquery.min.js
2020/07/01 17:20:03.852 [D] [server.go:2807]  |            ::1|[47m 304 [0m|           0s|   match|[44m GET     [0m /static/easyui/jquery-easyui/common.js
2020/07/01 17:20:03.853 [D] [server.go:2807]  |            ::1|[47m 304 [0m|           0s|   match|[44m GET     [0m /static/easyui/jquery-easyui/easyui_expand.js
2020/07/01 17:20:03.859 [D] [server.go:2807]  |            ::1|[47m 304 [0m|     1.0001ms|   match|[44m GET     [0m /static/easyui/jquery-easyui/phpjs-min.js
2020/07/01 17:20:03.949 [D] [server.go:2807]  |            ::1|[42m 200 [0m|           0s|   match|[46m POST    [0m /public/index   r:/public/index
2020/07/01 17:20:06.214 [D] [server.go:2807]  |            ::1|[42m 200 [0m|      4.988ms|   match|[44m GET     [0m /rbac/user/index   r:/rbac/user/index
2020/07/01 17:20:06.343 [D] [server.go:2807]  |            ::1|[42m 200 [0m|      997.3µs|   match|[46m POST    [0m /rbac/user/index   r:/rbac/user/index
2020/07/01 17:20:34.854 [D] [server.go:2807]  |            ::1|[42m 200 [0m|     1.9947ms|   match|[44m GET     [0m /rbac/group/index   r:/rbac/group/index
2020/07/01 17:20:34.967 [D] [server.go:2807]  |            ::1|[42m 200 [0m|      997.9µs|   match|[46m POST    [0m /rbac/group/index   r:/rbac/group/index
2020/07/01 17:23:02.752 [D] [server.go:2807]  |            ::1|[47m 302 [0m|           0s|   match|[44m GET     [0m /public/logout   r:/public/logout
2020/07/01 17:23:02.767 [D] [server.go:2807]  |            ::1|[42m 200 [0m|     2.9907ms|   match|[44m GET     [0m /public/login   r:/public/login
2020/07/01 17:23:07.080 [D] [server.go:2807]  |            ::1|[42m 200 [0m|      997.4µs|   match|[44m GET     [0m /public/login   r:/public/login
2020/07/01 17:23:22.358 [D] [server.go:2807]  |            ::1|[42m 200 [0m|           0s|   match|[46m POST    [0m /public/login   r:/public/login
2020/07/01 17:30:11.442 [D] [server.go:2807]  |            ::1|[42m 200 [0m|     2.9925ms|   match|[46m POST    [0m /public/login   r:/public/login
2020/07/01 17:30:17.662 [D] [server.go:2807]  |            ::1|[42m 200 [0m|           0s|   match|[44m GET     [0m /public/login   r:/public/login
2020/07/01 17:30:45.574 [D] [server.go:2807]  |            ::1|[42m 200 [0m|        999µs|   match|[46m POST    [0m /public/login   r:/public/login
2020/07/01 17:30:49.364 [D] [server.go:2807]  |            ::1|[42m 200 [0m|           0s|   match|[44m GET     [0m /public/login   r:/public/login
2020/07/01 17:30:59.067 [D] [server.go:2807]  |            ::1|[42m 200 [0m|           0s|   match|[44m GET     [0m /public/login   r:/public/login
2020/07/01 17:33:54.549 [D] [server.go:2807]  |            ::1|[42m 200 [0m|     1.9947ms|   match|[44m GET     [0m /public/login   r:/public/login
2020/07/01 17:33:54.588 [D] [server.go:2807]  |            ::1|[47m 304 [0m|           0s|   match|[44m GET     [0m /static/easyui/jquery-easyui/themes/default/easyui.css
2020/07/01 17:33:54.594 [D] [server.go:2807]  |            ::1|[47m 304 [0m|           0s|   match|[44m GET     [0m /static/easyui/jquery-easyui/themes/icon.css
2020/07/01 17:33:54.596 [D] [server.go:2807]  |            ::1|[47m 304 [0m|           0s|   match|[44m GET     [0m /static/easyui/jquery-easyui/jquery.min.js
2020/07/01 17:33:54.597 [D] [server.go:2807]  |            ::1|[47m 304 [0m|      996.5µs|   match|[44m GET     [0m /static/easyui/jquery-easyui/jquery.easyui.min.js
2020/07/01 17:33:54.597 [D] [server.go:2807]  |            ::1|[47m 304 [0m|           0s|   match|[44m GET     [0m /static/easyui/jquery-easyui/common.js
2020/07/01 17:33:54.597 [D] [server.go:2807]  |            ::1|[47m 304 [0m|           0s|   match|[44m GET     [0m /static/easyui/jquery-easyui/easyui_expand.js
2020/07/01 17:33:54.598 [D] [server.go:2807]  |            ::1|[47m 304 [0m|      999.7µs|   match|[44m GET     [0m /static/easyui/jquery-easyui/phpjs-min.js
2020/07/01 17:33:54.723 [D] [server.go:2807]  |            ::1|[47m 304 [0m|           0s|   match|[44m GET     [0m /static/easyui/jquery-easyui/themes/default/images/validatebox_warning.png
2020/07/01 17:33:54.730 [D] [server.go:2807]  |            ::1|[47m 304 [0m|           0s|   match|[44m GET     [0m /static/easyui/jquery-easyui/themes/default/images/linkbutton_bg.png
2020/07/01 17:33:54.731 [D] [server.go:2807]  |            ::1|[47m 304 [0m|           0s|   match|[44m GET     [0m /static/easyui/jquery-easyui/themes/icons/cancel.png
2020/07/01 17:33:54.731 [D] [server.go:2807]  |            ::1|[47m 304 [0m|           0s|   match|[44m GET     [0m /static/easyui/jquery-easyui/themes/icons/filesave.png
2020/07/01 17:33:54.738 [D] [server.go:2807]  |            ::1|[47m 304 [0m|           0s|   match|[44m GET     [0m /static/easyui/jquery-easyui/themes/default/images/blank.gif
2020/07/01 17:34:07.416 [D] [server.go:2807]  |            ::1|[42m 200 [0m|     1.9948ms|   match|[44m GET     [0m /public/login   r:/public/login
2020/07/01 17:34:37.649 [D] [server.go:2807]  |            ::1|[42m 200 [0m|     3.5001ms|   match|[46m POST    [0m /public/login   r:/public/login
2020/07/01 17:34:41.188 [D] [server.go:2807]  |            ::1|[42m 200 [0m|           0s|   match|[46m POST    [0m /public/login   r:/public/login
2020/07/01 17:34:42.598 [D] [server.go:2807]  |            ::1|[42m 200 [0m|      998.6µs|   match|[46m POST    [0m /public/login   r:/public/login
2020/07/01 17:34:46.938 [D] [server.go:2807]  |            ::1|[42m 200 [0m|     3.4981ms|   match|[46m POST    [0m /public/login   r:/public/login
2020/07/01 17:34:51.194 [D] [server.go:2807]  |            ::1|[42m 200 [0m|           0s|   match|[46m POST    [0m /public/login   r:/public/login
2020/07/01 17:34:51.637 [D] [server.go:2807]  |            ::1|[47m 302 [0m|           0s|   match|[44m GET     [0m /public/login   r:/public/login
2020/07/01 17:34:52.905 [D] [server.go:2807]  |            ::1|[47m 302 [0m|           0s|   match|[44m GET     [0m /public/login   r:/public/login
2020/07/01 17:35:14.746 [D] [server.go:2807]  |            ::1|[42m 200 [0m|      998.6µs|   match|[46m POST    [0m /public/login   r:/public/login
2020/07/01 17:35:27.143 [D] [server.go:2807]  |            ::1|[42m 200 [0m|      996.6µs|   match|[46m POST    [0m /public/login   r:/public/login
2020/07/01 17:46:17.981 [D] [server.go:2807]  |            ::1|[42m 200 [0m|      997.4µs|   match|[46m POST    [0m /public/login   r:/public/login
2020/07/01 17:48:08.306 [D] [server.go:2807]  |            ::1|[42m 200 [0m|13m58.606435s|   match|[46m POST    [0m /public/login   r:/public/login
2020/07/01 17:48:45.294 [D] [server.go:2807]  |            ::1|[42m 200 [0m|           0s|   match|[46m POST    [0m /public/login   r:/public/login
2020/07/01 17:48:45.325 [D] [server.go:2807]  |            ::1|[47m 304 [0m|           0s|   match|[44m GET     [0m /static/easyui/jquery-easyui/themes/default/images/panel_tools.png
2020/07/01 17:48:45.325 [D] [server.go:2807]  |            ::1|[47m 304 [0m|           0s|   match|[44m GET     [0m /static/easyui/jquery-easyui/themes/default/images/messager_icons.png
2020/07/01 17:48:47.965 [D] [server.go:2807]  |            ::1|[47m 302 [0m|           0s|   match|[44m GET     [0m /public/login   r:/public/login
2020/07/01 17:48:47.979 [D] [server.go:2807]  |            ::1|[42m 200 [0m|     5.9833ms|   match|[44m GET     [0m /public/index   r:/public/index
2020/07/01 17:48:48.006 [D] [server.go:2807]  |            ::1|[47m 304 [0m|           0s|   match|[44m GET     [0m /static/easyui/jquery-easyui/themes/default/easyui.css
2020/07/01 17:48:48.011 [D] [server.go:2807]  |            ::1|[47m 304 [0m|           0s|   match|[44m GET     [0m /static/easyui/jquery-easyui/themes/icon.css
2020/07/01 17:48:48.012 [D] [server.go:2807]  |            ::1|[47m 304 [0m|           0s|   match|[44m GET     [0m /static/easyui/jquery-easyui/jquery.min.js
2020/07/01 17:48:48.014 [D] [server.go:2807]  |            ::1|[47m 304 [0m|      997.1µs|   match|[44m GET     [0m /static/easyui/jquery-easyui/common.js
2020/07/01 17:48:48.014 [D] [server.go:2807]  |            ::1|[47m 304 [0m|           0s|   match|[44m GET     [0m /static/easyui/jquery-easyui/phpjs-min.js
2020/07/01 17:48:48.014 [D] [server.go:2807]  |            ::1|[47m 304 [0m|      997.1µs|   match|[44m GET     [0m /static/easyui/jquery-easyui/easyui_expand.js
2020/07/01 17:48:48.014 [D] [server.go:2807]  |            ::1|[47m 304 [0m|      997.1µs|   match|[44m GET     [0m /static/easyui/jquery-easyui/jquery.easyui.min.js
2020/07/01 17:48:48.093 [D] [server.go:2807]  |            ::1|[47m 304 [0m|           0s|   match|[44m GET     [0m /static/easyui/jquery-easyui/themes/icons/undo.png
2020/07/01 17:48:48.093 [D] [server.go:2807]  |            ::1|[47m 304 [0m|           0s|   match|[44m GET     [0m /static/easyui/jquery-easyui/themes/icons/redo.png
2020/07/01 17:48:48.109 [D] [server.go:2807]  |            ::1|[47m 304 [0m|           0s|   match|[44m GET     [0m /static/easyui/jquery-easyui/themes/default/images/validatebox_warning.png
2020/07/01 17:48:48.114 [D] [server.go:2807]  |            ::1|[47m 304 [0m|           0s|   match|[44m GET     [0m /static/easyui/jquery-easyui/themes/default/images/blank.gif
2020/07/01 17:48:48.117 [D] [server.go:2807]  |            ::1|[47m 304 [0m|           0s|   match|[44m GET     [0m /static/easyui/jquery-easyui/themes/default/images/layout_arrows.png
2020/07/01 17:48:48.131 [D] [server.go:2807]  |            ::1|[42m 200 [0m|           0s|   match|[46m POST    [0m /public/index   r:/public/index
2020/07/01 17:48:48.134 [D] [server.go:2807]  |            ::1|[47m 304 [0m|           0s|   match|[44m GET     [0m /static/easyui/jquery-easyui/themes/default/images/tabs_icons.png
2020/07/01 17:48:48.139 [D] [server.go:2807]  |            ::1|[47m 304 [0m|           0s|   match|[44m GET     [0m /static/easyui/jquery-easyui/themes/icons/reload.png
2020/07/01 17:48:48.161 [D] [server.go:2807]  |            ::1|[47m 304 [0m|           0s|   match|[44m GET     [0m /static/easyui/jquery-easyui/themes/default/images/tree_icons.png
2020/07/01 17:48:52.198 [D] [server.go:2807]  |            ::1|[42m 200 [0m|      999.6µs|   match|[44m GET     [0m /seckill/activity/index   r:/seckill/activity/index
2020/07/01 17:48:58.282 [D] [server.go:2807]  |            ::1|[42m 200 [0m|     1.9954ms|   match|[44m GET     [0m /rbac/node/index   r:/rbac/node/index
2020/07/01 17:48:58.326 [D] [server.go:2807]  |            ::1|[47m 304 [0m|           0s|   match|[44m GET     [0m /static/easyui/jquery-easyui/themes/icons/edit_add.png
2020/07/01 17:48:58.327 [D] [server.go:2807]  |            ::1|[47m 304 [0m|      998.1µs|   match|[44m GET     [0m /static/easyui/jquery-easyui/themes/icons/cancel.png
2020/07/01 17:48:58.326 [D] [server.go:2807]  |            ::1|[47m 304 [0m|           0s|   match|[44m GET     [0m /static/easyui/jquery-easyui/themes/icons/pencil.png
2020/07/01 17:48:58.326 [D] [server.go:2807]  |            ::1|[47m 304 [0m|           0s|   match|[44m GET     [0m /static/easyui/jquery-easyui/themes/icons/filesave.png
2020/07/01 17:48:58.349 [D] [server.go:2807]  |            ::1|[47m 304 [0m|      996.9µs|   match|[44m GET     [0m /static/easyui/jquery-easyui/themes/default/images/loading.gif
2020/07/01 17:48:58.362 [D] [server.go:2807]  |            ::1|[42m 200 [0m|      998.2µs|   match|[46m POST    [0m /rbac/node/index   r:/rbac/node/index
2020/07/01 17:48:58.364 [D] [server.go:2807]  |            ::1|[47m 304 [0m|           0s|   match|[44m GET     [0m /static/easyui/jquery-easyui/themes/default/images/combo_arrow.png
2020/07/01 17:49:04.966 [D] [server.go:2807]  |            ::1|[42m 200 [0m|     2.9923ms|   match|[44m GET     [0m /rbac/user/index   r:/rbac/user/index
2020/07/01 17:49:05.048 [D] [server.go:2807]  |            ::1|[47m 304 [0m|           0s|   match|[44m GET     [0m /static/easyui/jquery-easyui/themes/default/images/pagination_icons.png
2020/07/01 17:49:05.064 [D] [server.go:2807]  |            ::1|[47m 304 [0m|           0s|   match|[44m GET     [0m /static/easyui/jquery-easyui/themes/default/images/linkbutton_bg.png
2020/07/01 17:49:05.100 [D] [server.go:2807]  |            ::1|[42m 200 [0m|      998.5µs|   match|[46m POST    [0m /rbac/user/index   r:/rbac/user/index
2020/07/01 17:49:28.138 [D] [server.go:2807]  |            ::1|[42m 200 [0m|      997.7µs|   match|[46m POST    [0m /rbac/user/UpdateUser   r:/rbac/user/UpdateUser
2020/07/01 17:49:28.148 [D] [server.go:2807]  |            ::1|[42m 200 [0m|      995.5µs|   match|[46m POST    [0m /rbac/user/index   r:/rbac/user/index
2020/07/01 17:57:39.268 [D] [server.go:2807]  |            ::1|[42m 200 [0m|    14.9683ms|   match|[44m GET     [0m /public/index   r:/public/index
2020/07/01 17:57:39.418 [D] [server.go:2807]  |            ::1|[42m 200 [0m|      997.3µs|   match|[46m POST    [0m /public/index   r:/public/index
2020/07/01 17:57:41.048 [D] [server.go:2807]  |            ::1|[42m 200 [0m|     2.9922ms|   match|[44m GET     [0m /seckill/product/index   r:/seckill/product/index
2020/07/01 17:58:33.591 [D] [server.go:2807]  |            ::1|[42m 200 [0m|      996.6µs|   match|[44m GET     [0m /seckill/product/addProuct   r:/seckill/product/addProuct
2020/07/01 17:58:36.495 [D] [server.go:2807]  |            ::1|[47m 302 [0m|           0s|   match|[46m POST    [0m /seckill/product/addProuct   r:/seckill/product/addProuct
2020/07/01 17:58:36.499 [D] [server.go:2807]  |            ::1|[42m 200 [0m|     1.0063ms|   match|[44m GET     [0m /seckill/product/addProuct   r:/seckill/product/addProuct
2020/07/01 17:58:40.292 [D] [server.go:2807]  |            ::1|[42m 200 [0m|     3.9873ms|   match|[44m GET     [0m /seckill/activity/index   r:/seckill/activity/index
2020/07/01 17:58:42.591 [D] [server.go:2807]  |            ::1|[42m 200 [0m|      996.7µs|   match|[44m GET     [0m /seckill/activity/addActivity   r:/seckill/activity/addActivity
2020/07/01 17:58:57.364 [D] [server.go:2807]  |            ::1|[42m 200 [0m|     1.9948ms|   match|[44m GET     [0m /seckill/product/index   r:/seckill/product/index
2020/07/01 18:15:02.938 [D] [server.go:2807]  |            ::1|[42m 200 [0m|     2.9924ms|   match|[44m GET     [0m /rbac/node/index   r:/rbac/node/index
2020/07/01 18:15:02.949 [D] [server.go:2807]  |            ::1|[47m 304 [0m|           0s|   match|[44m GET     [0m /static/easyui/jquery-easyui/themes/default/easyui.css
2020/07/01 18:15:02.950 [D] [server.go:2807]  |            ::1|[47m 304 [0m|           0s|   match|[44m GET     [0m /static/easyui/jquery-easyui/themes/icon.css
2020/07/01 18:15:02.952 [D] [server.go:2807]  |            ::1|[47m 304 [0m|           0s|   match|[44m GET     [0m /static/easyui/jquery-easyui/jquery.min.js
2020/07/01 18:15:02.952 [D] [server.go:2807]  |            ::1|[47m 304 [0m|           0s|   match|[44m GET     [0m /static/easyui/jquery-easyui/jquery.easyui.min.js
2020/07/01 18:15:02.953 [D] [server.go:2807]  |            ::1|[47m 304 [0m|           0s|   match|[44m GET     [0m /static/easyui/jquery-easyui/common.js
2020/07/01 18:15:02.953 [D] [server.go:2807]  |            ::1|[47m 304 [0m|           0s|   match|[44m GET     [0m /static/easyui/jquery-easyui/easyui_expand.js
2020/07/01 18:15:02.954 [D] [server.go:2807]  |            ::1|[47m 304 [0m|      1.001ms|   match|[44m GET     [0m /static/easyui/jquery-easyui/phpjs-min.js
2020/07/01 18:15:03.003 [D] [server.go:2807]  |            ::1|[47m 304 [0m|           0s|   match|[44m GET     [0m /static/easyui/jquery-easyui/themes/icons/pencil.png
2020/07/01 18:15:03.003 [D] [server.go:2807]  |            ::1|[47m 304 [0m|           0s|   match|[44m GET     [0m /static/easyui/jquery-easyui/themes/icons/edit_add.png
2020/07/01 18:15:03.004 [D] [server.go:2807]  |            ::1|[47m 304 [0m|      997.8µs|   match|[44m GET     [0m /static/easyui/jquery-easyui/themes/icons/filesave.png
2020/07/01 18:15:03.004 [D] [server.go:2807]  |            ::1|[47m 304 [0m|           0s|   match|[44m GET     [0m /static/easyui/jquery-easyui/themes/icons/cancel.png
2020/07/01 18:15:03.004 [D] [server.go:2807]  |            ::1|[47m 304 [0m|           0s|   match|[44m GET     [0m /static/easyui/jquery-easyui/themes/icons/reload.png
2020/07/01 18:15:03.020 [D] [server.go:2807]  |            ::1|[47m 304 [0m|           0s|   match|[44m GET     [0m /static/easyui/jquery-easyui/themes/default/images/blank.gif
2020/07/01 18:15:03.028 [D] [server.go:2807]  |            ::1|[47m 304 [0m|           0s|   match|[44m GET     [0m /static/easyui/jquery-easyui/themes/default/images/loading.gif
2020/07/01 18:15:03.042 [D] [server.go:2807]  |            ::1|[42m 200 [0m|      997.3µs|   match|[46m POST    [0m /rbac/node/index   r:/rbac/node/index
2020/07/01 18:15:03.044 [D] [server.go:2807]  |            ::1|[47m 304 [0m|           0s|   match|[44m GET     [0m /static/easyui/jquery-easyui/themes/default/images/combo_arrow.png
2020/07/01 18:15:03.083 [D] [server.go:2807]  |            ::1|[47m 304 [0m|           0s|   match|[44m GET     [0m /static/easyui/jquery-easyui/themes/default/images/tree_icons.png
2020/07/01 18:15:03.843 [D] [server.go:2807]  |            ::1|[42m 200 [0m|     3.9888ms|   match|[44m GET     [0m /rbac/user/index   r:/rbac/user/index
2020/07/01 18:15:03.921 [D] [server.go:2807]  |            ::1|[47m 304 [0m|           0s|   match|[44m GET     [0m /static/easyui/jquery-easyui/themes/default/images/validatebox_warning.png
2020/07/01 18:15:03.940 [D] [server.go:2807]  |            ::1|[47m 304 [0m|      998.3µs|   match|[44m GET     [0m /static/easyui/jquery-easyui/themes/default/images/pagination_icons.png
2020/07/01 18:15:03.953 [D] [server.go:2807]  |            ::1|[47m 304 [0m|           0s|   match|[44m GET     [0m /static/easyui/jquery-easyui/themes/default/images/panel_tools.png
2020/07/01 18:15:03.953 [D] [server.go:2807]  |            ::1|[47m 304 [0m|           0s|   match|[44m GET     [0m /static/easyui/jquery-easyui/themes/default/images/linkbutton_bg.png
2020/07/01 18:15:03.995 [D] [server.go:2807]  |            ::1|[42m 200 [0m|           0s|   match|[46m POST    [0m /rbac/user/index   r:/rbac/user/index
2020/07/01 18:15:04.616 [D] [server.go:2807]  |            ::1|[42m 200 [0m|      1.995ms|   match|[44m GET     [0m /rbac/group/index   r:/rbac/group/index
2020/07/01 18:15:04.734 [D] [server.go:2807]  |            ::1|[42m 200 [0m|      997.7µs|   match|[46m POST    [0m /rbac/group/index   r:/rbac/group/index
2020/07/01 18:15:24.061 [D] [server.go:2807]  |            ::1|[42m 200 [0m|      997.5µs|   match|[46m POST    [0m /rbac/node/index   r:/rbac/node/index
2020/07/01 18:15:31.809 [D] [server.go:2807]  |            ::1|[42m 200 [0m|     1.6972ms|   match|[44m GET     [0m /rbac/role/index   r:/rbac/role/index
2020/07/01 18:15:35.184 [D] [server.go:2807]  |            ::1|[42m 200 [0m|     2.9942ms|   match|[44m GET     [0m /rbac/user/index   r:/rbac/user/index
2020/07/01 18:15:41.497 [D] [server.go:2807]  |            ::1|[42m 200 [0m|           0s|   match|[46m POST    [0m /rbac/user/index   r:/rbac/user/index
2020/07/02 09:42:12.885 [D] [init.go:49]  init logs success
2020/07/02 09:42:32.887 [E] [init.go:53]  get [/seckill/activity/product/] from etcd failed, err : context deadline exceeded
2020/07/02 09:43:12.940 [D] [init.go:49]  init logs success
2020/07/02 09:43:13.399 [I] [asm_amd64.s:1373]  http server Running on http://:8090
2020/07/02 09:44:17.551 [D] [server.go:2807]  |            ::1|[47m 302 [0m|     2.9917ms|   match|[44m GET     [0m /public/index   r:/public/index
2020/07/02 09:44:20.465 [D] [server.go:2807]  |            ::1|[42m 200 [0m|      998.1µs|   match|[44m GET     [0m /public/login   r:/public/login
2020/07/02 09:44:20.511 [D] [server.go:2807]  |            ::1|[47m 304 [0m|           0s|   match|[44m GET     [0m /static/easyui/jquery-easyui/themes/default/easyui.css
2020/07/02 09:44:20.512 [D] [server.go:2807]  |            ::1|[47m 304 [0m|      998.6µs|   match|[44m GET     [0m /static/easyui/jquery-easyui/jquery.easyui.min.js
2020/07/02 09:44:20.512 [D] [server.go:2807]  |            ::1|[47m 304 [0m|      998.6µs|   match|[44m GET     [0m /static/easyui/jquery-easyui/themes/icon.css
2020/07/02 09:44:20.512 [D] [server.go:2807]  |            ::1|[47m 304 [0m|      998.6µs|   match|[44m GET     [0m /static/easyui/jquery-easyui/jquery.min.js
2020/07/02 09:44:20.513 [D] [server.go:2807]  |            ::1|[47m 304 [0m|     1.9948ms|   match|[44m GET     [0m /static/easyui/jquery-easyui/common.js
2020/07/02 09:44:20.513 [D] [server.go:2807]  |            ::1|[47m 304 [0m|      996.2µs|   match|[44m GET     [0m /static/easyui/jquery-easyui/phpjs-min.js
2020/07/02 09:44:20.513 [D] [server.go:2807]  |            ::1|[47m 304 [0m|      996.2µs|   match|[44m GET     [0m /static/easyui/jquery-easyui/easyui_expand.js
2020/07/02 09:44:20.595 [D] [server.go:2807]  |            ::1|[47m 304 [0m|      997.4µs|   match|[44m GET     [0m /static/easyui/jquery-easyui/themes/default/images/validatebox_warning.png
2020/07/02 09:44:20.601 [D] [server.go:2807]  |            ::1|[47m 304 [0m|      997.2µs|   match|[44m GET     [0m /static/easyui/jquery-easyui/themes/default/images/linkbutton_bg.png
2020/07/02 09:44:20.601 [D] [server.go:2807]  |            ::1|[47m 304 [0m|           0s|   match|[44m GET     [0m /static/easyui/jquery-easyui/themes/icons/filesave.png
2020/07/02 09:44:20.602 [D] [server.go:2807]  |            ::1|[47m 304 [0m|     1.0012ms|   match|[44m GET     [0m /static/easyui/jquery-easyui/themes/icons/cancel.png
2020/07/02 09:44:20.607 [D] [server.go:2807]  |            ::1|[47m 304 [0m|      997.3µs|   match|[44m GET     [0m /static/easyui/jquery-easyui/themes/default/images/blank.gif
2020/07/02 09:44:20.659 [D] [server.go:2807]  |            ::1|[43m 404 [0m|      997.2µs| nomatch|[44m GET     [0m /favicon.ico
2020/07/02 09:44:22.907 [D] [server.go:2807]  |            ::1|[42m 200 [0m|     6.4907ms|   match|[46m POST    [0m /public/login   r:/public/login
2020/07/02 09:44:22.937 [D] [server.go:2807]  |            ::1|[42m 200 [0m|     2.9881ms|   match|[44m GET     [0m /public/index   r:/public/index
2020/07/02 09:44:22.990 [D] [server.go:2807]  |            ::1|[47m 304 [0m|           0s|   match|[44m GET     [0m /static/easyui/jquery-easyui/themes/icons/undo.png
2020/07/02 09:44:22.990 [D] [server.go:2807]  |            ::1|[47m 304 [0m|           0s|   match|[44m GET     [0m /static/easyui/jquery-easyui/themes/icons/redo.png
2020/07/02 09:44:23.005 [D] [server.go:2807]  |            ::1|[47m 304 [0m|           0s|   match|[44m GET     [0m /static/easyui/jquery-easyui/themes/default/images/layout_arrows.png
2020/07/02 09:44:23.006 [D] [server.go:2807]  |            ::1|[47m 304 [0m|      998.9µs|   match|[44m GET     [0m /static/easyui/jquery-easyui/themes/default/images/panel_tools.png
2020/07/02 09:44:23.016 [D] [server.go:2807]  |            ::1|[42m 200 [0m|      996.3µs|   match|[46m POST    [0m /public/index   r:/public/index
2020/07/02 09:44:23.020 [D] [server.go:2807]  |            ::1|[47m 304 [0m|        997µs|   match|[44m GET     [0m /static/easyui/jquery-easyui/themes/default/images/tabs_icons.png
2020/07/02 09:44:23.026 [D] [server.go:2807]  |            ::1|[47m 304 [0m|           0s|   match|[44m GET     [0m /static/easyui/jquery-easyui/themes/icons/reload.png
2020/07/02 09:44:23.062 [D] [server.go:2807]  |            ::1|[47m 304 [0m|      997.1µs|   match|[44m GET     [0m /static/easyui/jquery-easyui/themes/default/images/tree_icons.png
2020/07/02 09:44:25.289 [D] [server.go:2807]  |            ::1|[42m 200 [0m|     1.9959ms|   match|[44m GET     [0m /rbac/user/index   r:/rbac/user/index
2020/07/02 09:44:25.323 [D] [server.go:2807]  |            ::1|[47m 304 [0m|     1.0391ms|   match|[44m GET     [0m /static/easyui/jquery-easyui/themes/icons/edit_add.png
2020/07/02 09:44:25.323 [D] [server.go:2807]  |            ::1|[47m 304 [0m|     1.0391ms|   match|[44m GET     [0m /static/easyui/jquery-easyui/themes/icons/pencil.png
2020/07/02 09:44:25.328 [D] [server.go:2807]  |            ::1|[47m 304 [0m|           0s|   match|[44m GET     [0m /static/easyui/jquery-easyui/themes/default/images/combo_arrow.png
2020/07/02 09:44:25.359 [D] [server.go:2807]  |            ::1|[47m 304 [0m|           0s|   match|[44m GET     [0m /static/easyui/jquery-easyui/themes/default/images/pagination_icons.png
2020/07/02 09:44:25.364 [D] [server.go:2807]  |            ::1|[47m 304 [0m|      997.2µs|   match|[44m GET     [0m /static/easyui/jquery-easyui/themes/default/images/loading.gif
2020/07/02 09:44:25.394 [D] [server.go:2807]  |            ::1|[42m 200 [0m|      996.5µs|   match|[46m POST    [0m /rbac/user/index   r:/rbac/user/index
2020/07/02 09:44:33.550 [D] [server.go:2807]  |            ::1|[42m 200 [0m|      997.4µs|   match|[44m GET     [0m /rbac/group/index   r:/rbac/group/index
2020/07/02 09:44:33.667 [D] [server.go:2807]  |            ::1|[42m 200 [0m|           0s|   match|[46m POST    [0m /rbac/group/index   r:/rbac/group/index
2020/07/02 09:44:41.509 [D] [server.go:2807]  |            ::1|[42m 200 [0m|     3.9605ms|   match|[44m GET     [0m /public/index   r:/public/index
2020/07/02 09:44:41.628 [D] [server.go:2807]  |            ::1|[42m 200 [0m|      996.8µs|   match|[46m POST    [0m /public/index   r:/public/index
2020/07/02 09:44:46.216 [D] [server.go:2807]  |            ::1|[42m 200 [0m|     1.9953ms|   match|[44m GET     [0m /rbac/user/index   r:/rbac/user/index
2020/07/02 09:44:46.342 [D] [server.go:2807]  |            ::1|[42m 200 [0m|      997.3µs|   match|[46m POST    [0m /rbac/user/index   r:/rbac/user/index
2020/07/02 09:47:04.533 [D] [server.go:2807]  |            ::1|[42m 200 [0m|      997.2µs|   match|[46m POST    [0m /rbac/user/UpdateUser   r:/rbac/user/UpdateUser
2020/07/02 09:47:04.545 [D] [server.go:2807]  |            ::1|[47m 304 [0m|           0s|   match|[44m GET     [0m /static/easyui/jquery-easyui/themes/default/images/messager_icons.png
2020/07/02 09:51:37.520 [D] [init.go:49]  init logs success
2020/07/02 09:51:37.940 [I] [asm_amd64.s:1373]  http server Running on http://:8090
2020/07/02 09:51:39.338 [D] [server.go:2807]  |            ::1|[47m 302 [0m|     3.9883ms|   match|[44m GET     [0m /public/index   r:/public/index
2020/07/02 09:51:39.342 [D] [server.go:2807]  |            ::1|[42m 200 [0m|      998.5µs|   match|[44m GET     [0m /public/login   r:/public/login
2020/07/02 09:51:42.338 [D] [server.go:2807]  |            ::1|[42m 200 [0m|     5.5011ms|   match|[46m POST    [0m /public/login   r:/public/login
2020/07/02 09:51:42.369 [D] [server.go:2807]  |            ::1|[42m 200 [0m|     2.9927ms|   match|[44m GET     [0m /public/index   r:/public/index
2020/07/02 09:51:42.476 [D] [server.go:2807]  |            ::1|[42m 200 [0m|     1.0022ms|   match|[46m POST    [0m /public/index   r:/public/index
2020/07/02 09:51:43.854 [D] [server.go:2807]  |            ::1|[42m 200 [0m|     1.9965ms|   match|[44m GET     [0m /rbac/user/index   r:/rbac/user/index
2020/07/02 09:51:43.975 [D] [server.go:2807]  |            ::1|[42m 200 [0m|      997.7µs|   match|[46m POST    [0m /rbac/user/index   r:/rbac/user/index
2020/07/02 09:51:53.958 [D] [server.go:2807]  |            ::1|[42m 200 [0m|     7.2393ms|   match|[46m POST    [0m /rbac/user/UpdateUser   r:/rbac/user/UpdateUser
2020/07/02 09:51:53.979 [D] [server.go:2807]  |            ::1|[42m 200 [0m|      992.2µs|   match|[46m POST    [0m /rbac/user/index   r:/rbac/user/index
2020/07/02 09:51:56.421 [D] [server.go:2807]  |            ::1|[42m 200 [0m|     2.9924ms|   match|[44m GET     [0m /public/index   r:/public/index
2020/07/02 09:51:56.537 [D] [server.go:2807]  |            ::1|[42m 200 [0m|           0s|   match|[46m POST    [0m /public/index   r:/public/index
2020/07/02 09:51:58.207 [D] [server.go:2807]  |            ::1|[42m 200 [0m|     2.9918ms|   match|[44m GET     [0m /rbac/user/index   r:/rbac/user/index
2020/07/02 09:51:58.335 [D] [server.go:2807]  |            ::1|[42m 200 [0m|           0s|   match|[46m POST    [0m /rbac/user/index   r:/rbac/user/index
2020/07/02 09:52:21.473 [D] [server.go:2807]  |            ::1|[42m 200 [0m|           0s|   match|[46m POST    [0m /rbac/user/index   r:/rbac/user/index
2020/07/02 09:52:28.215 [D] [server.go:2807]  |            ::1|[42m 200 [0m|     6.3774ms|   match|[46m POST    [0m /rbac/user/UpdateUser   r:/rbac/user/UpdateUser
2020/07/02 09:52:28.227 [D] [server.go:2807]  |            ::1|[42m 200 [0m|      997.6µs|   match|[46m POST    [0m /rbac/user/index   r:/rbac/user/index
2020/07/02 09:52:30.471 [D] [server.go:2807]  |            ::1|[42m 200 [0m|     2.9917ms|   match|[44m GET     [0m /public/index   r:/public/index
2020/07/02 09:52:30.592 [D] [server.go:2807]  |            ::1|[42m 200 [0m|      997.5µs|   match|[46m POST    [0m /public/index   r:/public/index
2020/07/02 09:52:32.072 [D] [server.go:2807]  |            ::1|[42m 200 [0m|     1.9946ms|   match|[44m GET     [0m /rbac/user/index   r:/rbac/user/index
2020/07/02 09:52:32.199 [D] [server.go:2807]  |            ::1|[42m 200 [0m|      996.9µs|   match|[46m POST    [0m /rbac/user/index   r:/rbac/user/index
2020/07/02 09:52:53.968 [D] [server.go:2807]  |            ::1|[42m 200 [0m|      6.531ms|   match|[46m POST    [0m /rbac/user/UpdateUser   r:/rbac/user/UpdateUser
2020/07/02 09:52:53.995 [D] [server.go:2807]  |            ::1|[42m 200 [0m|      996.2µs|   match|[46m POST    [0m /rbac/user/index   r:/rbac/user/index
